[04-May-2023 12:15:44 UTC] PHP Fatal error:  Uncaught Exception: WebEngine's configuration file is empty, please run the installation script. in C:\xampp\htdocs\includes\functions.php:276
Stack trace:
#0 C:\xampp\htdocs\includes\webengine.php(117): webengineConfigs()
#1 C:\xampp\htdocs\includes\cron\cron.php(18): include_once('C:\\xampp\\htdocs...')
#2 {main}
  thrown in C:\xampp\htdocs\includes\functions.php on line 276
[04-May-2023 12:16:26 UTC] PHP Notice:  Trying to access array offset on value of type null in C:\xampp\htdocs\includes\classes\class.castlesiege.php on line 133
[04-May-2023 12:16:26 UTC] PHP Notice:  Trying to access array offset on value of type null in C:\xampp\htdocs\includes\classes\class.castlesiege.php on line 141
[04-May-2023 12:16:26 UTC] PHP Notice:  Trying to access array offset on value of type null in C:\xampp\htdocs\includes\classes\class.castlesiege.php on line 149
[04-May-2023 12:16:42 UTC] PHP Notice:  Trying to access array offset on value of type null in C:\xampp\htdocs\includes\classes\class.castlesiege.php on line 133
[04-May-2023 12:16:42 UTC] PHP Notice:  Trying to access array offset on value of type null in C:\xampp\htdocs\includes\classes\class.castlesiege.php on line 141
[04-May-2023 12:16:42 UTC] PHP Notice:  Trying to access array offset on value of type null in C:\xampp\htdocs\includes\classes\class.castlesiege.php on line 149
[04-May-2023 12:17:04 UTC] PHP Notice:  Undefined index: settings_submit in C:\xampp\htdocs\admincp\modules\website_settings.php on line 51
[04-May-2023 12:17:29 UTC] PHP Notice:  Trying to access array offset on value of type null in C:\xampp\htdocs\includes\classes\class.castlesiege.php on line 133
[04-May-2023 12:17:29 UTC] PHP Notice:  Trying to access array offset on value of type null in C:\xampp\htdocs\includes\classes\class.castlesiege.php on line 141
[04-May-2023 12:17:29 UTC] PHP Notice:  Trying to access array offset on value of type null in C:\xampp\htdocs\includes\classes\class.castlesiege.php on line 149
[04-May-2023 12:18:12 UTC] PHP Notice:  Trying to access array offset on value of type null in C:\xampp\htdocs\includes\classes\class.castlesiege.php on line 133
[04-May-2023 12:18:12 UTC] PHP Notice:  Trying to access array offset on value of type null in C:\xampp\htdocs\includes\classes\class.castlesiege.php on line 141
[04-May-2023 12:18:12 UTC] PHP Notice:  Trying to access array offset on value of type null in C:\xampp\htdocs\includes\classes\class.castlesiege.php on line 149
[04-May-2023 12:18:40 UTC] PHP Fatal error:  Uncaught Exception: Connection to database failed (MuOnlineS6) in C:\xampp\htdocs\includes\classes\class.connection.php:24
Stack trace:
#0 C:\xampp\htdocs\includes\classes\class.connection.php(29): Connection::Database('MuOnline')
#1 C:\xampp\htdocs\includes\functions.php(426): Connection::Database('Me_MuOnline')
#2 C:\xampp\htdocs\includes\cron\cron.php(21): getCronList()
#3 {main}
  thrown in C:\xampp\htdocs\includes\classes\class.connection.php on line 24
[04-May-2023 12:18:44 UTC] PHP Notice:  Trying to access array offset on value of type null in C:\xampp\htdocs\includes\classes\class.castlesiege.php on line 133
[04-May-2023 12:18:44 UTC] PHP Notice:  Trying to access array offset on value of type null in C:\xampp\htdocs\includes\classes\class.castlesiege.php on line 141
[04-May-2023 12:18:44 UTC] PHP Notice:  Trying to access array offset on value of type null in C:\xampp\htdocs\includes\classes\class.castlesiege.php on line 149
[04-May-2023 12:18:45 UTC] PHP Notice:  Trying to access array offset on value of type null in C:\xampp\htdocs\includes\classes\class.castlesiege.php on line 133
[04-May-2023 12:18:45 UTC] PHP Notice:  Trying to access array offset on value of type null in C:\xampp\htdocs\includes\classes\class.castlesiege.php on line 141
[04-May-2023 12:18:45 UTC] PHP Notice:  Trying to access array offset on value of type null in C:\xampp\htdocs\includes\classes\class.castlesiege.php on line 149
[04-May-2023 12:18:52 UTC] PHP Notice:  Trying to access array offset on value of type null in C:\xampp\htdocs\includes\classes\class.castlesiege.php on line 133
[04-May-2023 12:18:52 UTC] PHP Notice:  Trying to access array offset on value of type null in C:\xampp\htdocs\includes\classes\class.castlesiege.php on line 141
[04-May-2023 12:18:52 UTC] PHP Notice:  Trying to access array offset on value of type null in C:\xampp\htdocs\includes\classes\class.castlesiege.php on line 149
[04-May-2023 12:18:55 UTC] PHP Notice:  Trying to access array offset on value of type null in C:\xampp\htdocs\includes\classes\class.castlesiege.php on line 133
[04-May-2023 12:18:55 UTC] PHP Notice:  Trying to access array offset on value of type null in C:\xampp\htdocs\includes\classes\class.castlesiege.php on line 141
[04-May-2023 12:18:55 UTC] PHP Notice:  Trying to access array offset on value of type null in C:\xampp\htdocs\includes\classes\class.castlesiege.php on line 149
[04-May-2023 12:19:09 UTC] PHP Fatal error:  Uncaught Exception: Connection to database failed (MuOnlineS6) in C:\xampp\htdocs\includes\classes\class.connection.php:24
Stack trace:
#0 C:\xampp\htdocs\includes\classes\class.handler.php(165): Connection::Database('MuOnline')
#1 C:\xampp\htdocs\admincp\index.php(197): Handler->loadAdminCPModule('cronmanager')
#2 {main}
  thrown in C:\xampp\htdocs\includes\classes\class.connection.php on line 24
[04-May-2023 12:19:13 UTC] PHP Fatal error:  Uncaught Exception: Connection to database failed (MuOnlineS6) in C:\xampp\htdocs\includes\classes\class.connection.php:24
Stack trace:
#0 C:\xampp\htdocs\includes\classes\class.handler.php(165): Connection::Database('MuOnline')
#1 C:\xampp\htdocs\admincp\index.php(197): Handler->loadAdminCPModule('addnews')
#2 {main}
  thrown in C:\xampp\htdocs\includes\classes\class.connection.php on line 24
[04-May-2023 12:19:15 UTC] PHP Fatal error:  Uncaught Exception: Connection to database failed (MuOnlineS6) in C:\xampp\htdocs\includes\classes\class.connection.php:24
Stack trace:
#0 C:\xampp\htdocs\includes\classes\class.handler.php(165): Connection::Database('MuOnline')
#1 C:\xampp\htdocs\admincp\index.php(197): Handler->loadAdminCPModule('addnews')
#2 {main}
  thrown in C:\xampp\htdocs\includes\classes\class.connection.php on line 24
[04-May-2023 12:20:15 UTC] PHP Fatal error:  Uncaught Exception: Connection to database failed (MuOnlineS6) in C:\xampp\htdocs\includes\classes\class.connection.php:24
Stack trace:
#0 C:\xampp\htdocs\includes\classes\class.handler.php(165): Connection::Database('MuOnline')
#1 C:\xampp\htdocs\admincp\index.php(197): Handler->loadAdminCPModule('addnews')
#2 {main}
  thrown in C:\xampp\htdocs\includes\classes\class.connection.php on line 24
[04-May-2023 12:20:44 UTC] PHP Fatal error:  Uncaught Exception: Connection to database failed (MuOnlineS6) in C:\xampp\htdocs\includes\classes\class.connection.php:24
Stack trace:
#0 C:\xampp\htdocs\includes\classes\class.connection.php(29): Connection::Database('MuOnline')
#1 C:\xampp\htdocs\includes\functions.php(426): Connection::Database('Me_MuOnline')
#2 C:\xampp\htdocs\includes\cron\cron.php(21): getCronList()
#3 {main}
  thrown in C:\xampp\htdocs\includes\classes\class.connection.php on line 24
[04-May-2023 12:21:02 UTC] PHP Notice:  Trying to access array offset on value of type null in C:\xampp\htdocs\includes\classes\class.castlesiege.php on line 133
[04-May-2023 12:21:02 UTC] PHP Notice:  Trying to access array offset on value of type null in C:\xampp\htdocs\includes\classes\class.castlesiege.php on line 141
[04-May-2023 12:21:02 UTC] PHP Notice:  Trying to access array offset on value of type null in C:\xampp\htdocs\includes\classes\class.castlesiege.php on line 149
[04-May-2023 16:58:57 UTC] PHP Notice:  Trying to access array offset on value of type null in C:\xampp\htdocs\includes\classes\class.castlesiege.php on line 133
[04-May-2023 16:58:57 UTC] PHP Notice:  Trying to access array offset on value of type null in C:\xampp\htdocs\includes\classes\class.castlesiege.php on line 141
[04-May-2023 16:58:57 UTC] PHP Notice:  Trying to access array offset on value of type null in C:\xampp\htdocs\includes\classes\class.castlesiege.php on line 149
[04-May-2023 16:59:13 UTC] PHP Notice:  Trying to access array offset on value of type null in C:\xampp\htdocs\includes\classes\class.castlesiege.php on line 133
[04-May-2023 16:59:13 UTC] PHP Notice:  Trying to access array offset on value of type null in C:\xampp\htdocs\includes\classes\class.castlesiege.php on line 141
[04-May-2023 16:59:13 UTC] PHP Notice:  Trying to access array offset on value of type null in C:\xampp\htdocs\includes\classes\class.castlesiege.php on line 149
[04-May-2023 16:59:21 UTC] PHP Notice:  Trying to access array offset on value of type null in C:\xampp\htdocs\includes\classes\class.castlesiege.php on line 133
[04-May-2023 16:59:21 UTC] PHP Notice:  Trying to access array offset on value of type null in C:\xampp\htdocs\includes\classes\class.castlesiege.php on line 141
[04-May-2023 16:59:21 UTC] PHP Notice:  Trying to access array offset on value of type null in C:\xampp\htdocs\includes\classes\class.castlesiege.php on line 149
[04-May-2023 16:59:23 UTC] PHP Notice:  Undefined index: settings_submit in C:\xampp\htdocs\admincp\modules\website_settings.php on line 51
[04-May-2023 16:59:30 UTC] PHP Notice:  Undefined index: config in C:\xampp\htdocs\admincp\modules\modules_manager.php on line 76
[04-May-2023 16:59:32 UTC] PHP Notice:  Undefined index: submit_changes in C:\xampp\htdocs\admincp\modules\mconfig\rankings.php on line 54
[04-May-2023 16:59:42 UTC] PHP Notice:  Trying to access array offset on value of type null in C:\xampp\htdocs\includes\classes\class.castlesiege.php on line 133
[04-May-2023 16:59:42 UTC] PHP Notice:  Trying to access array offset on value of type null in C:\xampp\htdocs\includes\classes\class.castlesiege.php on line 141
[04-May-2023 16:59:42 UTC] PHP Notice:  Trying to access array offset on value of type null in C:\xampp\htdocs\includes\classes\class.castlesiege.php on line 149
[04-May-2023 17:00:01 UTC] PHP Notice:  Trying to access array offset on value of type null in C:\xampp\htdocs\includes\classes\class.castlesiege.php on line 133
[04-May-2023 17:00:01 UTC] PHP Notice:  Trying to access array offset on value of type null in C:\xampp\htdocs\includes\classes\class.castlesiege.php on line 141
[04-May-2023 17:00:01 UTC] PHP Notice:  Trying to access array offset on value of type null in C:\xampp\htdocs\includes\classes\class.castlesiege.php on line 149
[04-May-2023 17:00:05 UTC] PHP Notice:  Trying to access array offset on value of type null in C:\xampp\htdocs\includes\classes\class.castlesiege.php on line 133
[04-May-2023 17:00:05 UTC] PHP Notice:  Trying to access array offset on value of type null in C:\xampp\htdocs\includes\classes\class.castlesiege.php on line 141
[04-May-2023 17:00:05 UTC] PHP Notice:  Trying to access array offset on value of type null in C:\xampp\htdocs\includes\classes\class.castlesiege.php on line 149
[04-May-2023 17:00:08 UTC] PHP Notice:  Trying to access array offset on value of type null in C:\xampp\htdocs\includes\classes\class.castlesiege.php on line 133
[04-May-2023 17:00:08 UTC] PHP Notice:  Trying to access array offset on value of type null in C:\xampp\htdocs\includes\classes\class.castlesiege.php on line 141
[04-May-2023 17:00:08 UTC] PHP Notice:  Trying to access array offset on value of type null in C:\xampp\htdocs\includes\classes\class.castlesiege.php on line 149
[04-May-2023 17:00:35 UTC] PHP Notice:  Undefined property: CastleSiege::$db in C:\xampp\htdocs\includes\classes\class.castlesiege.php on line 418
[04-May-2023 17:00:36 UTC] PHP Notice:  Undefined property: CastleSiege::$db in C:\xampp\htdocs\includes\classes\class.castlesiege.php on line 418
[04-May-2023 17:00:36 UTC] PHP Notice:  Undefined variable: accountCountryList in C:\xampp\htdocs\includes\cron\character_country.php on line 44
[04-May-2023 17:00:36 UTC] PHP Notice:  Undefined variable: result in C:\xampp\htdocs\includes\cron\character_country.php on line 54
[04-May-2023 17:01:40 UTC] PHP Notice:  Undefined index: settings_submit in C:\xampp\htdocs\admincp\modules\website_settings.php on line 51
[04-May-2023 17:02:00 UTC] PHP Notice:  Undefined index: settings_submit in C:\xampp\htdocs\admincp\modules\connection_settings.php on line 29
[04-May-2023 17:02:02 UTC] PHP Notice:  Undefined index: settings_submit in C:\xampp\htdocs\admincp\modules\website_settings.php on line 51
[04-May-2023 17:02:04 UTC] PHP Notice:  Undefined index: config in C:\xampp\htdocs\admincp\modules\modules_manager.php on line 76
[04-May-2023 17:02:11 UTC] PHP Notice:  Undefined index: delete in C:\xampp\htdocs\admincp\modules\navbar.php on line 18
[04-May-2023 17:02:11 UTC] PHP Notice:  Undefined index: navbar_submit in C:\xampp\htdocs\admincp\modules\navbar.php on line 44
[04-May-2023 17:02:11 UTC] PHP Notice:  Undefined index: new_submit in C:\xampp\htdocs\admincp\modules\navbar.php on line 93
[04-May-2023 17:02:13 UTC] PHP Notice:  Undefined index: delete in C:\xampp\htdocs\admincp\modules\usercp.php on line 18
[04-May-2023 17:02:13 UTC] PHP Notice:  Undefined index: usercp_submit in C:\xampp\htdocs\admincp\modules\usercp.php on line 44
[04-May-2023 17:02:13 UTC] PHP Notice:  Undefined index: new_submit in C:\xampp\htdocs\admincp\modules\usercp.php on line 95
[04-May-2023 17:02:17 UTC] PHP Notice:  Undefined index: settings_submit in C:\xampp\htdocs\admincp\modules\website_settings.php on line 51
[04-May-2023 17:05:09 UTC] PHP Notice:  Undefined index: action in C:\xampp\htdocs\admincp\modules\cronmanager.php on line 22
[04-May-2023 17:05:09 UTC] PHP Notice:  Undefined index: submit in C:\xampp\htdocs\admincp\modules\cronmanager.php on line 64
[04-May-2023 17:05:41 UTC] PHP Notice:  Undefined property: CastleSiege::$db in C:\xampp\htdocs\includes\classes\class.castlesiege.php on line 418
[04-May-2023 17:05:41 UTC] PHP Notice:  Undefined variable: accountCountryList in C:\xampp\htdocs\includes\cron\character_country.php on line 44
[04-May-2023 17:05:41 UTC] PHP Notice:  Undefined variable: result in C:\xampp\htdocs\includes\cron\character_country.php on line 54
[04-May-2023 17:05:41 UTC] PHP Notice:  Undefined property: CastleSiege::$db in C:\xampp\htdocs\includes\classes\class.castlesiege.php on line 418
[04-May-2023 17:05:42 UTC] PHP Notice:  Undefined variable: accountCountryList in C:\xampp\htdocs\includes\cron\character_country.php on line 44
[04-May-2023 17:05:42 UTC] PHP Notice:  Undefined variable: result in C:\xampp\htdocs\includes\cron\character_country.php on line 54
[04-May-2023 17:06:27 UTC] PHP Notice:  Undefined property: CastleSiege::$db in C:\xampp\htdocs\includes\classes\class.castlesiege.php on line 418
[04-May-2023 17:06:27 UTC] PHP Notice:  Undefined variable: accountCountryList in C:\xampp\htdocs\includes\cron\character_country.php on line 44
[04-May-2023 17:06:27 UTC] PHP Notice:  Undefined variable: result in C:\xampp\htdocs\includes\cron\character_country.php on line 54
[04-May-2023 17:06:28 UTC] PHP Notice:  Undefined property: CastleSiege::$db in C:\xampp\htdocs\includes\classes\class.castlesiege.php on line 418
[04-May-2023 17:06:28 UTC] PHP Notice:  Undefined variable: accountCountryList in C:\xampp\htdocs\includes\cron\character_country.php on line 44
[04-May-2023 17:06:28 UTC] PHP Notice:  Undefined variable: result in C:\xampp\htdocs\includes\cron\character_country.php on line 54
[04-May-2023 17:07:28 UTC] PHP Notice:  Undefined property: CastleSiege::$db in C:\xampp\htdocs\includes\classes\class.castlesiege.php on line 418
[04-May-2023 17:07:29 UTC] PHP Notice:  Undefined variable: accountCountryList in C:\xampp\htdocs\includes\cron\character_country.php on line 44
[04-May-2023 17:07:29 UTC] PHP Notice:  Undefined variable: result in C:\xampp\htdocs\includes\cron\character_country.php on line 54
[04-May-2023 17:07:29 UTC] PHP Notice:  Undefined property: CastleSiege::$db in C:\xampp\htdocs\includes\classes\class.castlesiege.php on line 418
[04-May-2023 17:07:29 UTC] PHP Notice:  Undefined variable: accountCountryList in C:\xampp\htdocs\includes\cron\character_country.php on line 44
[04-May-2023 17:07:29 UTC] PHP Notice:  Undefined variable: result in C:\xampp\htdocs\includes\cron\character_country.php on line 54
[04-May-2023 17:08:20 UTC] PHP Notice:  Undefined property: CastleSiege::$db in C:\xampp\htdocs\includes\classes\class.castlesiege.php on line 418
[04-May-2023 17:08:21 UTC] PHP Notice:  Undefined variable: accountCountryList in C:\xampp\htdocs\includes\cron\character_country.php on line 44
[04-May-2023 17:08:21 UTC] PHP Notice:  Undefined variable: result in C:\xampp\htdocs\includes\cron\character_country.php on line 54
[04-May-2023 17:08:21 UTC] PHP Notice:  Undefined property: CastleSiege::$db in C:\xampp\htdocs\includes\classes\class.castlesiege.php on line 418
[04-May-2023 17:08:21 UTC] PHP Notice:  Undefined variable: accountCountryList in C:\xampp\htdocs\includes\cron\character_country.php on line 44
[04-May-2023 17:08:21 UTC] PHP Notice:  Undefined variable: result in C:\xampp\htdocs\includes\cron\character_country.php on line 54
